0 info it worked if it ends with ok
1 verbose cli [ 'C:\\nodejs\\node.exe',
1 verbose cli   'C:\\nodejs\\node_modules\\npm\\bin\\npm-cli.js',
1 verbose cli   'run',
1 verbose cli   'tsc:w' ]
2 info using npm@3.10.3
3 info using node@v6.6.0
4 verbose run-script [ 'pretsc:w', 'tsc:w', 'posttsc:w' ]
5 info lifecycle angular@1.0.0~pretsc:w: angular@1.0.0
6 silly lifecycle angular@1.0.0~pretsc:w: no script for pretsc:w, continuing
7 info lifecycle angular@1.0.0~tsc:w: angular@1.0.0
8 verbose lifecycle angular@1.0.0~tsc:w: unsafe-perm in lifecycle true
9 verbose lifecycle angular@1.0.0~tsc:w: PATH: C:\nodejs\node_modules\npm\bin\node-gyp-bin;D:\Clases\angular\node_modules\.bin;C:\nodejs;C:\nodejs\node_modules\npm\bin\node-gyp-bin;D:\Clases\angular\node_modules\.bin;C:\nodejs;C:\Program Files\Broadcom\Broadcom 802.11 Network Adapter\Driver;C:\Program Files (x86)\Intel\TXE Components\TCS\;C:\Program Files\Intel\TXE Components\TCS\;C:\Windows\system32;C:\Windows;C:\Windows\System32\Wbem;C:\Windows\System32\WindowsPowerShell\v1.0\;C:\xampp\php;C:\ProgramData\ComposerSetup\bin;C:\nodejs\;C:\Program Files\Git\cmd;C:\Ruby200-x64\bin;C:\Users\Javier\AppData\Roaming\Composer\vendor\bin;C:\Users\Javier\AppData\Roaming\npm
10 verbose lifecycle angular@1.0.0~tsc:w: CWD: D:\Clases\angular
11 silly lifecycle angular@1.0.0~tsc:w: Args: [ '/d /s /c', 'tsc -w' ]
12 silly lifecycle angular@1.0.0~tsc:w: Returned: code: 3221225786  signal: null
13 info lifecycle angular@1.0.0~tsc:w: Failed to exec tsc:w script
14 verbose stack Error: angular@1.0.0 tsc:w: `tsc -w`
14 verbose stack Exit status 3221225786
14 verbose stack     at EventEmitter.<anonymous> (C:\nodejs\node_modules\npm\lib\utils\lifecycle.js:242:16)
14 verbose stack     at emitTwo (events.js:106:13)
14 verbose stack     at EventEmitter.emit (events.js:191:7)
14 verbose stack     at ChildProcess.<anonymous> (C:\nodejs\node_modules\npm\lib\utils\spawn.js:40:14)
14 verbose stack     at emitTwo (events.js:106:13)
14 verbose stack     at ChildProcess.emit (events.js:191:7)
14 verbose stack     at maybeClose (internal/child_process.js:877:16)
14 verbose stack     at Process.ChildProcess._handle.onexit (internal/child_process.js:226:5)
15 verbose pkgid angular@1.0.0
16 verbose cwd D:\Clases\angular
17 error Windows_NT 6.1.7601
18 error argv "C:\\nodejs\\node.exe" "C:\\nodejs\\node_modules\\npm\\bin\\npm-cli.js" "run" "tsc:w"
19 error node v6.6.0
20 error npm  v3.10.3
21 error code ELIFECYCLE
22 error angular@1.0.0 tsc:w: `tsc -w`
22 error Exit status 3221225786
23 error Failed at the angular@1.0.0 tsc:w script 'tsc -w'.
23 error Make sure you have the latest version of node.js and npm installed.
23 error If you do, this is most likely a problem with the angular package,
23 error not with npm itself.
23 error Tell the author that this fails on your system:
23 error     tsc -w
23 error You can get information on how to open an issue for this project with:
23 error     npm bugs angular
23 error Or if that isn't available, you can get their info via:
23 error     npm owner ls angular
23 error There is likely additional logging output above.
24 verbose exit [ 1, true ]
